asds
Error 0 in /var/www/bookmarks/lib/init.php at line 19: (ASD)Failed to include class: JsController : 27 Aug 2016, 21:30
Error 0 in /var/www/bookmarks/lib/init.php at line 19: (ASD)Failed to include class: JsController : 27 Aug 2016, 21:30
Error 0 in /var/www/bookmarks/lib/init.php at line 19: (ASD)Failed to include class: JsController : 27 Aug 2016, 21:30
Error 0 in /var/www/bookmarks/lib/init.php at line 19: (ASD)Failed to include class: JsController : 27 Aug 2016, 21:30
Error 0 in /var/www/bookmarks/lib/init.php at line 19: (ASD)Failed to include class: JsController : 27 Aug 2016, 21:30
Error 0 in /var/www/bookmarks/lib/init.php at line 19: (ASD)Failed to include class: JsController : 27 Aug 2016, 21:30
Error 0 in /var/www/bookmarks/lib/init.php at line 19: (ASD)Failed to include class: JsController : 27 Aug 2016, 21:34
Error 0 in /var/www/bookmarks/lib/init.php at line 19: (ASD)Failed to include class: JsController : 27 Aug 2016, 21:35
Error 0 in /var/www/bookmarks/lib/init.php at line 19: (ASD)Failed to include class: JsController : 27 Aug 2016, 21:36
Error 0 in /var/www/bookmarks/lib/init.php at line 19: (ASD)Failed to include class: JsController : 27 Aug 2016, 21:39
Error 0 in /var/www/bookmarks/lib/init.php at line 19: (ASD)Failed to include class: JsController : 27 Aug 2016, 21:51
Error 0 in /var/www/bookmarks/lib/db.class.php at line 23: You have an error in your SQL syntax; check the manual that corresponds to your MySQL server version for the right syntax to use near 'yandex-verification' content='7ea9a30e811494ce' />
	
    <title>–ú–∞–Ω—' at line 2 : 27 Aug 2016, 21:51
Error 0 in /var/www/bookmarks/lib/init.php at line 19: (ASD)Failed to include class: JsController : 27 Aug 2016, 21:55
Error 0 in /var/www/bookmarks/lib/init.php at line 19: (ASD)Failed to include class: JsController : 27 Aug 2016, 21:55
Error 0 in /var/www/bookmarks/lib/init.php at line 19: (ASD)Failed to include class: UploadsController : 27 Aug 2016, 21:55
Error 0 in /var/www/bookmarks/lib/init.php at line 19: (ASD)Failed to include class: JsController : 27 Aug 2016, 21:55
Error 0 in /var/www/bookmarks/lib/init.php at line 19: (ASD)Failed to include class: JsController : 27 Aug 2016, 22:20
Error 0 in /var/www/bookmarks/lib/init.php at line 19: (ASD)Failed to include class: JsController : 27 Aug 2016, 22:23
Error 0 in /var/www/bookmarks/lib/init.php at line 19: (ASD)Failed to include class: JsController : 27 Aug 2016, 22:24
Error 0 in /var/www/bookmarks/lib/init.php at line 19: (ASD)Failed to include class: JsController : 27 Aug 2016, 22:25
Error 0 in /var/www/bookmarks/lib/init.php at line 19: (ASD)Failed to include class: JsController : 27 Aug 2016, 22:25
Error 0 in /var/www/bookmarks/lib/init.php at line 19: (ASD)Failed to include class: JsController : 27 Aug 2016, 22:26
Error 0 in /var/www/bookmarks/lib/init.php at line 19: (ASD)Failed to include class: JsController : 28 Aug 2016, 12:22
Error 0 in /var/www/bookmarks/lib/init.php at line 19: (ASD)Failed to include class: JsController : 28 Aug 2016, 12:22
Error 0 in /var/www/bookmarks/lib/init.php at line 19: (ASD)Failed to include class: JsController : 28 Aug 2016, 12:29
Error 0 in /var/www/bookmarks/lib/view.class.php at line 28: (ASD)Template file is not found in path: /var/www/bookmarks/views/links/create_image.html : 28 Aug 2016, 12:48
Error 0 in /var/www/bookmarks/lib/init.php at line 19: (ASD)Failed to include class: UploadsController : 28 Aug 2016, 12:48
Error 0 in /var/www/bookmarks/lib/init.php at line 19: (ASD)Failed to include class: JsController : 28 Aug 2016, 12:58
Error 0 in /var/www/bookmarks/lib/init.php at line 19: (ASD)Failed to include class: JsController : 05 Sep 2016, 15:28
